<?xml version="1.0" encoding="UTF-8"?>
<testsuite name="com.cg.hotelreservation.HotelReservationTest" tests="1" skipped="0" failures="0" errors="0" timestamp="2020-11-16T16:45:27" hostname="LAPTOP-21LB24T9" time="0.009">
  <properties/>
  <testcase name="whenRangeofDatesGiven_ShouldReturn_CheapestHotel_basedOnWeekEnds_Days" classname="com.cg.hotelreservation.HotelReservationTest" time="0.009"/>
  <system-out><![CDATA[Wed Jan 01 00:00:00 IST 2020 Wed Jan 08 00:00:00 IST 2020
Days: [6, 2]
]]></system-out>
  <system-err><![CDATA[]]></system-err>
</testsuite>
