<?xml version="1.0" encoding="UTF-8"?>
<testsuite name="com.cg.hotelreservation.HotelReservationTest" tests="1" skipped="0" failures="0" errors="0" timestamp="2020-11-16T14:33:23" hostname="LAPTOP-21LB24T9" time="0.006">
  <properties/>
  <testcase name="whenHotelsWith_RegularRatesAdded_ShouldReturnTrue" classname="com.cg.hotelreservation.HotelReservationTest" time="0.006"/>
  <system-out><![CDATA[]]></system-out>
  <system-err><![CDATA[]]></system-err>
</testsuite>
