<?xml version="1.0" encoding="UTF-8"?>
<testsuite name="com.cg.hotelreservation.HotelReservationTest" tests="1" skipped="0" failures="0" errors="0" timestamp="2020-11-16T20:02:30" hostname="LAPTOP-21LB24T9" time="0.004">
  <properties/>
  <testcase name="cheapestBestRatedHotel_shouldMatchExpected" classname="com.cg.hotelreservation.HotelReservationTest" time="0.004"/>
  <system-out><![CDATA[]]></system-out>
  <system-err><![CDATA[]]></system-err>
</testsuite>
